<xml xmlns="http://www.w3.org/1999/xhtml"><block type="controls_if" id="7" x="13" y="63"><mutation else="1"></mutation><value name="IF0"><block type="logic_negate" id="14"><value name="BOOL"><block type="inout_digital_read" id="38"><field name="PIN">7</field></block></value></block></value><statement name="DO0"><block type="inout_digital_write" id="59"><field name="PIN">13</field><field name="STAT">HIGH</field></block></statement><statement name="ELSE"><block type="inout_digital_write" id="60"><field name="PIN">13</field><field name="STAT">LOW</field></block></statement></block></xml>